# JRE version: OpenJDK Runtime Environment Temurin-17.0.8.1+1 (17.0.8.1+1) (build 17.0.8.1+1)
# Java VM: OpenJDK 64-Bit Server VM Temurin-17.0.8.1+1 (17.0.8.1+1, mixed mode, emulated-client, tiered, compressed oops, compressed class ptrs, g1 gc, windows-amd64)
GC Precious Log:
 CPUs: 4 total, 4 available
 Memory: 8062M
 Large Page Support: Disabled
 NUMA Support: Disabled
 Compressed Oops: Enabled (32-bit)
 Heap Region Size: 1M
 Heap Min Capacity: 8M
 Heap Initial Capacity: 126M
 Heap Max Capacity: 1G
 Pre-touch: Disabled
 Parallel Workers: 4
 Concurrent Workers: 1
 Concurrent Refinement Workers: 4
 Periodic GC: Disabled
Heap:
 garbage-first heap   total 88064K, used 29672K [0x00000000c0000000, 0x0000000100000000)
  region size 1024K, 1 young (1024K), 0 survivors (0K)
 Metaspace       used 58149K, committed 58624K, reserved 1114112K
  class space    used 7146K, committed 7360K, reserved 1048576K
GC Heap History (20 events):
Event: 53213.518 GC heap before
{Heap before GC invocations=352 (full 312):
 garbage-first heap   total 88064K, used 29672K [0x00000000c0000000, 0x0000000100000000)
  region size 1024K, 1 young (1024K), 0 survivors (0K)
 Metaspace       used 58149K, committed 58624K, reserved 1114112K
  class space    used 7146K, committed 7360K, reserved 1048576K
}
Event: 53213.567 GC heap after
{Heap after GC invocations=353 (full 313):
 garbage-first heap   total 88064K, used 29672K [0x00000000c0000000, 0x0000000100000000)
  region size 1024K, 0 young (0K), 0 survivors (0K)
 Metaspace       used 58149K, committed 58624K, reserved 1114112K
  class space    used 7146K, committed 7360K, reserved 1048576K
}
Event: 53223.704 GC heap before
{Heap before GC invocations=353 (full 313):
 garbage-first heap   total 88064K, used 29672K [0x00000000c0000000, 0x0000000100000000)
  region size 1024K, 1 young (1024K), 0 survivors (0K)
 Metaspace       used 58149K, committed 58624K, reserved 1114112K
  class space    used 7146K, committed 7360K, reserved 1048576K
}
Event: 53223.754 GC heap after
{Heap after GC invocations=354 (full 314):
 garbage-first heap   total 88064K, used 29672K [0x00000000c0000000, 0x0000000100000000)
  region size 1024K, 0 young (0K), 0 survivors (0K)
 Metaspace       used 58149K, committed 58624K, reserved 1114112K
  class space    used 7146K, committed 7360K, reserved 1048576K
}
Event: 53233.886 GC heap before
{Heap before GC invocations=354 (full 314):
 garbage-first heap   total 88064K, used 29672K [0x00000000c0000000, 0x0000000100000000)
  region size 1024K, 1 young (1024K), 0 survivors (0K)
 Metaspace       used 58149K, committed 58624K, reserved 1114112K
  class space    used 7146K, committed 7360K, reserved 1048576K
}
Event: 53233.937 GC heap after
{Heap after GC invocations=355 (full 315):
 garbage-first heap   total 88064K, used 29672K [0x00000000c0000000, 0x0000000100000000)
  region size 1024K, 0 young (0K), 0 survivors (0K)
 Metaspace       used 58149K, committed 58624K, reserved 1114112K
  class space    used 7146K, committed 7360K, reserved 1048576K
}
Event: 53244.161 GC heap before
{Heap before GC invocations=355 (full 315):
 garbage-first heap   total 88064K, used 29672K [0x00000000c0000000, 0x0000000100000000)
  region size 1024K, 1 young (1024K), 0 survivors (0K)
 Metaspace       used 58149K, committed 58624K, reserved 1114112K
  class space    used 7146K, committed 7360K, reserved 1048576K
}
Event: 53244.222 GC heap after
{Heap after GC invocations=356 (full 316):
 garbage-first heap   total 88064K, used 29672K [0x00000000c0000000, 0x0000000100000000)
  region size 1024K, 0 young (0K), 0 survivors (0K)
 Metaspace       used 58149K, committed 58624K, reserved 1114112K
  class space    used 7146K, committed 7360K, reserved 1048576K
}
Event: 53254.463 GC heap before
{Heap before GC invocations=356 (full 316):
 garbage-first heap   total 88064K, used 29672K [0x00000000c0000000, 0x0000000100000000)
  region size 1024K, 1 young (1024K), 0 survivors (0K)
 Metaspace       used 58149K, committed 58624K, reserved 1114112K
  class space    used 7146K, committed 7360K, reserved 1048576K
}
Event: 53254.524 GC heap after
{Heap after GC invocations=357 (full 317):
 garbage-first heap   total 88064K, used 29672K [0x00000000c0000000, 0x0000000100000000)
  region size 1024K, 0 young (0K), 0 survivors (0K)
 Metaspace       used 58149K, committed 58624K, reserved 1114112K
  class space    used 7146K, committed 7360K, reserved 1048576K
}
Event: 53264.711 GC heap before
{Heap before GC invocations=357 (full 317):
 garbage-first heap   total 88064K, used 29672K [0x00000000c0000000, 0x0000000100000000)
  region size 1024K, 1 young (1024K), 0 survivors (0K)
 Metaspace       used 58149K, committed 58624K, reserved 1114112K
  class space    used 7146K, committed 7360K, reserved 1048576K
}
Event: 53264.772 GC heap after
{Heap after GC invocations=358 (full 318):
 garbage-first heap   total 88064K, used 29672K [0x00000000c0000000, 0x0000000100000000)
  region size 1024K, 0 young (0K), 0 survivors (0K)
 Metaspace       used 58149K, committed 58624K, reserved 1114112K
  class space    used 7146K, committed 7360K, reserved 1048576K
}
Event: 53274.976 GC heap before
{Heap before GC invocations=358 (full 318):
 garbage-first heap   total 88064K, used 29672K [0x00000000c0000000, 0x0000000100000000)
  region size 1024K, 1 young (1024K), 0 survivors (0K)
 Metaspace       used 58149K, committed 58624K, reserved 1114112K
  class space    used 7146K, committed 7360K, reserved 1048576K
}
Event: 53275.040 GC heap after
{Heap after GC invocations=359 (full 319):
 garbage-first heap   total 88064K, used 29672K [0x00000000c0000000, 0x0000000100000000)
  region size 1024K, 0 young (0K), 0 survivors (0K)
 Metaspace       used 58149K, committed 58624K, reserved 1114112K
  class space    used 7146K, committed 7360K, reserved 1048576K
}
Event: 53285.305 GC heap before
{Heap before GC invocations=359 (full 319):
 garbage-first heap   total 88064K, used 29672K [0x00000000c0000000, 0x0000000100000000)
  region size 1024K, 1 young (1024K), 0 survivors (0K)
 Metaspace       used 58149K, committed 58624K, reserved 1114112K
  class space    used 7146K, committed 7360K, reserved 1048576K
}
Event: 53285.372 GC heap after
{Heap after GC invocations=360 (full 320):
 garbage-first heap   total 88064K, used 29672K [0x00000000c0000000, 0x0000000100000000)
  region size 1024K, 0 young (0K), 0 survivors (0K)
 Metaspace       used 58149K, committed 58624K, reserved 1114112K
  class space    used 7146K, committed 7360K, reserved 1048576K
}
Event: 53295.652 GC heap before
{Heap before GC invocations=360 (full 320):
 garbage-first heap   total 88064K, used 29672K [0x00000000c0000000, 0x0000000100000000)
  region size 1024K, 1 young (1024K), 0 survivors (0K)
 Metaspace       used 58149K, committed 58624K, reserved 1114112K
  class space    used 7146K, committed 7360K, reserved 1048576K
}
Event: 53295.711 GC heap after
{Heap after GC invocations=361 (full 321):
 garbage-first heap   total 88064K, used 29672K [0x00000000c0000000, 0x0000000100000000)
  region size 1024K, 0 young (0K), 0 survivors (0K)
 Metaspace       used 58149K, committed 58624K, reserved 1114112K
  class space    used 7146K, committed 7360K, reserved 1048576K
}
Event: 53307.563 GC heap before
{Heap before GC invocations=361 (full 321):
 garbage-first heap   total 88064K, used 29672K [0x00000000c0000000, 0x0000000100000000)
  region size 1024K, 1 young (1024K), 0 survivors (0K)
 Metaspace       used 58149K, committed 58624K, reserved 1114112K
  class space    used 7146K, committed 7360K, reserved 1048576K
}
Event: 53307.626 GC heap after
{Heap after GC invocations=362 (full 322):
 garbage-first heap   total 88064K, used 29672K [0x00000000c0000000, 0x0000000100000000)
  region size 1024K, 0 young (0K), 0 survivors (0K)
 Metaspace       used 58149K, committed 58624K, reserved 1114112K
  class space    used 7146K, committed 7360K, reserved 1048576K
}

